This is pdfTeX, Version 3.14159265-2.6-1.40.20 (TeX Live 2019/Debian) (preloaded format=pdflatex 2021.11.16)  19 DEC 2021 15:51
entering extended mode
 restricted \write18 enabled.
 %&-line parsing enabled.
**EstimationV2.tex
(./EstimationV2.tex
LaTeX2e <2020-02-02> patch level 2
L3 programming layer <2020-02-14>
(/usr/share/texlive/texmf-dist/tex/latex/base/article.cls
Document Class: article 2019/12/20 v1.4l Standard LaTeX document class
(/usr/share/texlive/texmf-dist/tex/latex/base/size12.clo
File: size12.clo 2019/12/20 v1.4l Standard LaTeX file (size option)
)
\c@part=\count167
\c@section=\count168
\c@subsection=\count169
\c@subsubsection=\count170
\c@paragraph=\count171
\c@subparagraph=\count172
\c@figure=\count173
\c@table=\count174
\abovecaptionskip=\skip47
\belowcaptionskip=\skip48
\bibindent=\dimen134
)
(/usr/share/texlive/texmf-dist/tex/latex/graphics/graphicx.sty
Package: graphicx 2019/11/30 v1.2a Enhanced LaTeX Graphics (DPC,SPQR)

(/usr/share/texlive/texmf-dist/tex/latex/graphics/keyval.sty
Package: keyval 2014/10/28 v1.15 key=value parser (DPC)
\KV@toks@=\toks14
)
(/usr/share/texlive/texmf-dist/tex/latex/graphics/graphics.sty
Package: graphics 2019/11/30 v1.4a Standard LaTeX Graphics (DPC,SPQR)

(/usr/share/texlive/texmf-dist/tex/latex/graphics/trig.sty
Package: trig 2016/01/03 v1.10 sin cos tan (DPC)
)
(/usr/share/texlive/texmf-dist/tex/latex/graphics-cfg/graphics.cfg
File: graphics.cfg 2016/06/04 v1.11 sample graphics configuration
)
Package graphics Info: Driver file: pdftex.def on input line 105.

(/usr/share/texlive/texmf-dist/tex/latex/graphics-def/pdftex.def
File: pdftex.def 2018/01/08 v1.0l Graphics/color driver for pdftex
))
\Gin@req@height=\dimen135
\Gin@req@width=\dimen136
)
(/usr/share/texlive/texmf-dist/tex/latex/graphics/color.sty
Package: color 2019/11/23 v1.2a Standard LaTeX Color (DPC)

(/usr/share/texlive/texmf-dist/tex/latex/graphics-cfg/color.cfg
File: color.cfg 2016/01/02 v1.6 sample color configuration
)
Package color Info: Driver file: pdftex.def on input line 147.
)
(/usr/share/texlive/texmf-dist/tex/latex/framed/framed.sty
Package: framed 2011/10/22 v 0.96: framed or shaded text with page breaks
\OuterFrameSep=\skip49
\fb@frw=\dimen137
\fb@frh=\dimen138
\FrameRule=\dimen139
\FrameSep=\dimen140
)
(/usr/share/texlive/texmf-dist/tex/latex/base/alltt.sty
Package: alltt 1997/06/16 v2.0g defines alltt environment
)
(/usr/share/texlive/texmf-dist/tex/latex/booktabs/booktabs.sty
Package: booktabs 2020/01/12 v1.61803398 Publication quality tables
\heavyrulewidth=\dimen141
\lightrulewidth=\dimen142
\cmidrulewidth=\dimen143
\belowrulesep=\dimen144
\belowbottomsep=\dimen145
\aboverulesep=\dimen146
\abovetopsep=\dimen147
\cmidrulesep=\dimen148
\cmidrulekern=\dimen149
\defaultaddspace=\dimen150
\@cmidla=\count175
\@cmidlb=\count176
\@aboverulesep=\dimen151
\@belowrulesep=\dimen152
\@thisruleclass=\count177
\@lastruleclass=\count178
\@thisrulewidth=\dimen153
)
(/usr/share/texlive/texmf-dist/tex/latex/base/inputenc.sty
Package: inputenc 2018/08/11 v1.3c Input encoding file
\inpenc@prehook=\toks15
\inpenc@posthook=\toks16
)
(/usr/share/texlive/texmf-dist/tex/latex/base/fontenc.sty
Package: fontenc 2020/02/11 v2.0o Standard LaTeX package
)
(/usr/share/texlive/texmf-dist/tex/latex/mhchem/mhchem.sty
Package: mhchem 2018/06/22 v4.08 for typesetting chemical formulae

(/usr/share/texlive/texmf-dist/tex/latex/l3kernel/expl3.sty
Package: expl3 2020-02-14 L3 programming layer (loader) 

(/usr/share/texlive/texmf-dist/tex/latex/l3backend/l3backend-pdfmode.def
File: l3backend-pdfmode.def 2020-02-03 L3 backend support: PDF mode
\l__kernel_color_stack_int=\count179
\l__pdf_internal_box=\box45
))
(/usr/share/texlive/texmf-dist/tex/latex/l3packages/l3keys2e/l3keys2e.sty
Package: l3keys2e 2020-02-14 LaTeX2e option processing using LaTeX3 keys
)
(/usr/share/texlive/texmf-dist/tex/latex/tools/calc.sty
Package: calc 2017/05/25 v4.3 Infix arithmetic (KKT,FJ)
\calc@Acount=\count180
\calc@Bcount=\count181
\calc@Adimen=\dimen154
\calc@Bdimen=\dimen155
\calc@Askip=\skip50
\calc@Bskip=\skip51
LaTeX Info: Redefining \setlength on input line 80.
LaTeX Info: Redefining \addtolength on input line 81.
\calc@Ccount=\count182
\calc@Cskip=\skip52
)
(/usr/share/texlive/texmf-dist/tex/latex/amsmath/amsmath.sty
Package: amsmath 2020/01/20 v2.17e AMS math features
\@mathmargin=\skip53

For additional information on amsmath, use the `?' option.
(/usr/share/texlive/texmf-dist/tex/latex/amsmath/amstext.sty
Package: amstext 2000/06/29 v2.01 AMS text

(/usr/share/texlive/texmf-dist/tex/latex/amsmath/amsgen.sty
File: amsgen.sty 1999/11/30 v2.0 generic functions
\@emptytoks=\toks17
\ex@=\dimen156
))
(/usr/share/texlive/texmf-dist/tex/latex/amsmath/amsbsy.sty
Package: amsbsy 1999/11/29 v1.2d Bold Symbols
\pmbraise@=\dimen157
)
(/usr/share/texlive/texmf-dist/tex/latex/amsmath/amsopn.sty
Package: amsopn 2016/03/08 v2.02 operator names
)
\inf@bad=\count183
LaTeX Info: Redefining \frac on input line 227.
\uproot@=\count184
\leftroot@=\count185
LaTeX Info: Redefining \overline on input line 389.
\classnum@=\count186
\DOTSCASE@=\count187
LaTeX Info: Redefining \ldots on input line 486.
LaTeX Info: Redefining \dots on input line 489.
LaTeX Info: Redefining \cdots on input line 610.
\Mathstrutbox@=\box46
\strutbox@=\box47
\big@size=\dimen158
LaTeX Font Info:    Redeclaring font encoding OML on input line 733.
LaTeX Font Info:    Redeclaring font encoding OMS on input line 734.
\macc@depth=\count188
\c@MaxMatrixCols=\count189
\dotsspace@=\muskip16
\c@parentequation=\count190
\dspbrk@lvl=\count191
\tag@help=\toks18
\row@=\count192
\column@=\count193
\maxfields@=\count194
\andhelp@=\toks19
\eqnshift@=\dimen159
\alignsep@=\dimen160
\tagshift@=\dimen161
\tagwidth@=\dimen162
\totwidth@=\dimen163
\lineht@=\dimen164
\@envbody=\toks20
\multlinegap=\skip54
\multlinetaggap=\skip55
\mathdisplay@stack=\toks21
LaTeX Info: Redefining \[ on input line 2859.
LaTeX Info: Redefining \] on input line 2860.
)
(/usr/share/texlive/texmf-dist/tex/latex/chemgreek/chemgreek.sty
(/usr/share/texlive/texmf-dist/tex/latex/l3packages/xparse/xparse.sty
Package: xparse 2020-02-14 L3 Experimental document command parser
\l__xparse_current_arg_int=\count195
\g__xparse_grabber_int=\count196
\l__xparse_m_args_int=\count197
\l__xparse_v_nesting_int=\count198
)
Package: chemgreek 2020/01/16 v1.1a interface for upright Greek letters for use
 in chemistry (CN)
\l__chemgreek_tmpa_int=\count199
\g__chemgreek_tmpa_int=\count266
)
\l__mhchem_ce_distanceFromLastComma_int=\count267
\__mhchem_arrow_extPgfLength_skip=\skip56
\mhchem@minispace@tmp=\skip57
\mhchem@minibackspace@tmp=\skip58
\mhchem@bondwidth=\skip59
\mhchem@bondheight=\skip60
\mhchem@smallbondwidth@tmpA=\skip61
\mhchem@smallbondwidth@tmpB=\skip62
\mhchem@smallbondwidth=\skip63
\mhchem@bondtmp@minussidebearingleft=\skip64
\mhchem@bondtmp@minussidebearingright=\skip65
\l__mhchem_option_version_int=\count268
\mhchem@option@minusmathsidebearingleft=\dimen165
\mhchem@option@minusmathsidebearingright=\dimen166
\mhchem@option@minustextsidebearingleft=\dimen167
\mhchem@option@minustextsidebearingright=\dimen168
)
(/usr/share/texlive/texmf-dist/tex/latex/siunitx/siunitx.sty
Package: siunitx 2020/01/15 v2.7u A comprehensive (SI) units package

(/usr/share/texlive/texmf-dist/tex/latex/tools/array.sty
Package: array 2019/08/31 v2.4l Tabular extension package (FMi)
\col@sep=\dimen169
\ar@mcellbox=\box48
\extrarowheight=\dimen170
\NC@list=\toks22
\extratabsurround=\skip66
\backup@length=\skip67
\ar@cellbox=\box49
)
\l__siunitx_tmp_box=\box50
\l__siunitx_tmp_dim=\dimen171
\l__siunitx_tmp_int=\count269
\l__siunitx_number_mantissa_length_int=\count270
\l__siunitx_number_uncert_length_int=\count271
\l__siunitx_round_int=\count272
\l__siunitx_process_decimal_int=\count273
\l__siunitx_process_uncertainty_int=\count274
\l__siunitx_process_fixed_int=\count275
\l__siunitx_process_integer_min_int=\count276
\l__siunitx_process_precision_int=\count277
\l__siunitx_group_min_int=\count278
\l__siunitx_angle_marker_box=\box51
\l__siunitx_angle_unit_box=\box52
\l__siunitx_angle_marker_dim=\dimen172
\l__siunitx_angle_unit_dim=\dimen173
\l__siunitx_unit_int=\count279
\l__siunitx_unit_denominator_int=\count280
\l__siunitx_unit_numerator_int=\count281
\l__siunitx_unit_prefix_int=\count282
\l__siunitx_unit_prefix_base_int=\count283
\l__siunitx_unit_prefix_gram_int=\count284
\l__siunitx_number_product_int=\count285
\c__siunitx_one_fill_skip=\skip68
\l__siunitx_table_unit_align_skip=\skip69
\l__siunitx_table_exponent_dim=\dimen174
\l__siunitx_table_integer_dim=\dimen175
\l__siunitx_table_mantissa_dim=\dimen176
\l__siunitx_table_marker_dim=\dimen177
\l__siunitx_table_result_dim=\dimen178
\l__siunitx_table_uncert_dim=\dimen179
\l__siunitx_table_fill_pre_dim=\dimen180
\l__siunitx_table_fill_post_dim=\dimen181
\l__siunitx_table_fill_mid_dim=\dimen182
\l__siunitx_table_pre_box=\box53
\l__siunitx_table_post_box=\box54
\l__siunitx_table_mantissa_box=\box55
\l__siunitx_table_result_box=\box56
\l__siunitx_table_number_align_skip=\skip70
\l__siunitx_table_text_align_skip=\skip71

(/usr/share/texlive/texmf-dist/tex/latex/translator/translator.sty
Package: translator 2019-05-31 v1.12a Easy translation of strings in LaTeX
))
(/usr/share/texlive/texmf-dist/tex/latex/was/gensymb.sty
Package: gensymb 2003/07/02 v1.0 (WaS)
)
(/usr/share/texlive/texmf-dist/tex/latex/geometry/geometry.sty
Package: geometry 2020/01/02 v5.9 Page Geometry

(/usr/share/texlive/texmf-dist/tex/generic/iftex/ifvtex.sty
Package: ifvtex 2019/10/25 v1.7 ifvtex legacy package. Use iftex instead.

(/usr/share/texlive/texmf-dist/tex/generic/iftex/iftex.sty
Package: iftex 2019/11/07 v1.0c TeX engine tests
))
\Gm@cnth=\count286
\Gm@cntv=\count287
\c@Gm@tempcnt=\count288
\Gm@bindingoffset=\dimen183
\Gm@wd@mp=\dimen184
\Gm@odd@mp=\dimen185
\Gm@even@mp=\dimen186
\Gm@layoutwidth=\dimen187
\Gm@layoutheight=\dimen188
\Gm@layouthoffset=\dimen189
\Gm@layoutvoffset=\dimen190
\Gm@dimlist=\toks23
)
(/usr/share/texlive/texmf-dist/tex/latex/float/float.sty
Package: float 2001/11/08 v1.3d Float enhancements (AL)
\c@float@type=\count289
\float@exts=\toks24
\float@box=\box57
\@float@everytoks=\toks25
\@floatcapt=\box58
)
(/usr/share/texlive/texmf-dist/tex/latex/amsfonts/amsfonts.sty
Package: amsfonts 2013/01/14 v3.01 Basic AMSFonts support
\symAMSa=\mathgroup4
\symAMSb=\mathgroup5
LaTeX Font Info:    Redeclaring math symbol \hbar on input line 98.
LaTeX Font Info:    Overwriting math alphabet `\mathfrak' in version `bold'
(Font)                  U/euf/m/n --> U/euf/b/n on input line 106.
)
(/usr/share/texlive/texmf-dist/tex/latex/amscls/amsthm.sty
Package: amsthm 2017/10/31 v2.20.4
\thm@style=\toks26
\thm@bodyfont=\toks27
\thm@headfont=\toks28
\thm@notefont=\toks29
\thm@headpunct=\toks30
\thm@preskip=\skip72
\thm@postskip=\skip73
\thm@headsep=\skip74
\dth@everypar=\toks31
)
(/usr/share/texlive/texmf-dist/tex/latex/upquote/upquote.sty
Package: upquote 2012/04/19 v1.3 upright-quote and grave-accent glyphs in verba
tim

(/usr/share/texlive/texmf-dist/tex/latex/base/textcomp.sty
Package: textcomp 2020/02/02 v2.0n Standard LaTeX package
))
(./EstimationV2.aux)
\openout1 = `EstimationV2.aux'.

LaTeX Font Info:    Checking defaults for OML/cmm/m/it on input line 68.
LaTeX Font Info:    ... okay on input line 68.
LaTeX Font Info:    Checking defaults for OMS/cmsy/m/n on input line 68.
LaTeX Font Info:    ... okay on input line 68.
LaTeX Font Info:    Checking defaults for OT1/cmr/m/n on input line 68.
LaTeX Font Info:    ... okay on input line 68.
LaTeX Font Info:    Checking defaults for T1/cmr/m/n on input line 68.
LaTeX Font Info:    ... okay on input line 68.
LaTeX Font Info:    Checking defaults for TS1/cmr/m/n on input line 68.
LaTeX Font Info:    ... okay on input line 68.
LaTeX Font Info:    Checking defaults for OMX/cmex/m/n on input line 68.
LaTeX Font Info:    ... okay on input line 68.
LaTeX Font Info:    Checking defaults for U/cmr/m/n on input line 68.
LaTeX Font Info:    ... okay on input line 68.

(/usr/share/texlive/texmf-dist/tex/context/base/mkii/supp-pdf.mkii
[Loading MPS to PDF converter (version 2006.09.02).]
\scratchcounter=\count290
\scratchdimen=\dimen191
\scratchbox=\box59
\nofMPsegments=\count291
\nofMParguments=\count292
\everyMPshowfont=\toks32
\MPscratchCnt=\count293
\MPscratchDim=\dimen192
\MPnumerator=\count294
\makeMPintoPDFobject=\count295
\everyMPtoPDFconversion=\toks33
) (/usr/share/texlive/texmf-dist/tex/latex/epstopdf-pkg/epstopdf-base.sty
Package: epstopdf-base 2020-01-24 v2.11 Base part for package epstopdf
Package epstopdf-base Info: Redefining graphics rule for `.eps' on input line 4
85.

(/usr/share/texlive/texmf-dist/tex/latex/latexconfig/epstopdf-sys.cfg
File: epstopdf-sys.cfg 2010/07/13 v1.3 Configuration of (r)epstopdf for TeX Liv
e
))

Package chemgreek Info: Activating mapping `default' on line 68.


(/usr/share/texlive/texmf-dist/tex/latex/translator/translator-basic-dictionary
-English.dict
Dictionary: translator-basic-dictionary, Language: English 
)
(/usr/share/texlive/texmf-dist/tex/latex/siunitx/siunitx-abbreviations.cfg
File: siunitx-abbreviations.cfg 2017/11/26 v2.7k siunitx: Abbreviated units
)
\symgns@font=\mathgroup6
LaTeX Font Info:    Overwriting symbol font `gns@font' in version `bold'
(Font)                  TS1/cmr/m/n --> TS1/cmr/b/n on input line 68.
Package gensymb Info: Math companion symbols declared on input line 68.
LaTeX Info: Redefining \degree on input line 68.
LaTeX Info: Redefining \celsius on input line 68.
Package gensymb Info: Using text companion symbols for \degree, \celsius and \p
erthousand on input line 68.
LaTeX Info: Redefining \ohm on input line 68.
Package gensymb Info: Using \textohm for \ohm on input line 68.
LaTeX Info: Redefining \micro on input line 68.
Package gensymb Info: Using \textmu for \micro on input line 68.

*geometry* driver: auto-detecting
*geometry* detected driver: pdftex
*geometry* verbose mode - [ preamble ] result:
* driver: pdftex
* paper: a4paper
* layout: <same size as paper>
* layoutoffset:(h,v)=(0.0pt,0.0pt)
* modes: 
* h-part:(L,W,R)=(71.13188pt, 455.24411pt, 71.13188pt)
* v-part:(T,H,B)=(71.13188pt, 688.5567pt, 85.35826pt)
* \paperwidth=597.50787pt
* \paperheight=845.04684pt
* \textwidth=455.24411pt
* \textheight=688.5567pt
* \oddsidemargin=-1.1381pt
* \evensidemargin=-1.1381pt
* \topmargin=-38.1381pt
* \headheight=12.0pt
* \headsep=25.0pt
* \topskip=12.0pt
* \footskip=30.0pt
* \marginparwidth=35.0pt
* \marginparsep=10.0pt
* \columnsep=10.0pt
* \skip\footins=10.8pt plus 4.0pt minus 2.0pt
* \hoffset=0.0pt
* \voffset=0.0pt
* \mag=1000
* \@twocolumnfalse
* \@twosidefalse
* \@mparswitchfalse
* \@reversemarginfalse
* (1in=72.27pt=25.4mm, 1cm=28.453pt)

LaTeX Font Info:    Trying to load font information for U+msa on input line 68.

(/usr/share/texlive/texmf-dist/tex/latex/amsfonts/umsa.fd
File: umsa.fd 2013/01/14 v3.01 AMS symbols A
)
LaTeX Font Info:    Trying to load font information for U+msb on input line 68.


(/usr/share/texlive/texmf-dist/tex/latex/amsfonts/umsb.fd
File: umsb.fd 2013/01/14 v3.01 AMS symbols B
)

LaTeX Warning: No \author given.

[1

{/var/lib/texmf/fonts/map/pdftex/updmap/pdftex.map}]
Package color Info: Redefining color shadecolor on input line 89.
LaTeX Font Info:    Trying to load font information for T1+cmtt on input line 9
0.

(/usr/share/texlive/texmf-dist/tex/latex/base/t1cmtt.fd
File: t1cmtt.fd 2019/12/16 v2.5j Standard LaTeX font definitions
)
LaTeX Font Info:    Font shape `T1/cmtt/bx/n' in size <12> not available
(Font)              Font shape `T1/cmtt/m/n' tried instead on input line 91.
Package color Info: Redefining color shadecolor on input line 107.

Overfull \hbox (44.80878pt too wide) in paragraph at lines 116--116
[][]\T1/cmtt/m/n/12 df.majors[] []<-[] []df.majors.raw[[][]rowSums[][]([][]is.n
a[][](df.majors.raw))[] []!=[] []ncol[][](df.majors.raw),][][] 
 []


Overfull \hbox (174.45212pt too wide) in paragraph at lines 117--117
[][]\T1/cmtt/m/n/12 df.majors2[] []<-[] []data.frame[][]([][]clo[][](df.majors2
.raw[[][]rowSums[][]([][]is.na[][](df.majors2.raw))[] []!=[] []ncol[][](df.majo
rs2.raw),]))[][] 
 []


Overfull \hbox (90.10605pt too wide) in paragraph at lines 134--134
[][]\T1/cmtt/m/n/12 df.majors.nafree[] []<-[] []df.majors.raw[[][]rowSums[][]([
][]is.na[][](df.majors.raw))[] []==[] []0[][],][] []\T1/cmtt/m/it/12 # 62 obser
vations[][] 
 []


Overfull \hbox (108.62653pt too wide) in paragraph at lines 135--135
[][]\T1/cmtt/m/n/12 df.majors2.nafree[] []<-[] []df.majors2.raw[[][]rowSums[][]
([][]is.na[][](df.majors2.raw))[] []==[] []0[][],][] []\T1/cmtt/m/it/12 # 78 ob
servations[][] 
 []

[1]
Package color Info: Redefining color shadecolor on input line 143.
Package color Info: Redefining color shadecolor on input line 163.
Package color Info: Redefining color shadecolor on input line 175.
 [2]
Overfull \hbox (151.84097pt too wide) in paragraph at lines 177--177
[][]\T1/cmtt/m/it/12 # outlier detection on the dataframe where missing values 
entries are replaced with column mean : [][] 
 []


Overfull \hbox (26.2883pt too wide) in paragraph at lines 183--183
[]\T1/cmtt/m/n/12 ## Error in tolEllipsePlot(clr.df, classic = T, m.cov = clrdf
.mcd): Dimension
 []


Overfull \hbox (65.41208pt too wide) in paragraph at lines 190--190
[][]\T1/cmtt/m/it/12 # outlier detection on the dataframe where missing values 
are not taken into account[][] 
 []

<figure/unnamed-chunk-6-1.pdf, id=25, 505.89pt x 505.89pt>
File: figure/unnamed-chunk-6-1.pdf Graphic file (type pdf)
<use figure/unnamed-chunk-6-1.pdf>
Package pdftex.def Info: figure/unnamed-chunk-6-1.pdf  used on input line 195.
(pdftex.def)             Requested size: 455.24411pt x 455.25046pt.

Overfull \hbox (17.62482pt too wide) in paragraph at lines 195--196
[][] 
 []

[3]
Overfull \hbox (83.93256pt too wide) in paragraph at lines 197--197
[][]\T1/cmtt/m/n/12 1[][]-[][]length[][](ilrdf.nafree.mcd[][]$[][]best)[][]/[][
]nrow[][](clr.df.nafree)[] []\T1/cmtt/m/it/12 # 43 % of outliers in this approa
ch[][] 
 []

Package color Info: Redefining color shadecolor on input line 212.

Overfull \hbox (151.84097pt too wide) in paragraph at lines 214--214
[][]\T1/cmtt/m/it/12 # outlier detection on the dataframe where missing values 
entries are replaced with column mean : [][] 
 []

[4 <./figure/unnamed-chunk-6-1.pdf>]
<figure/unnamed-chunk-7-1.pdf, id=39, 505.89pt x 505.89pt>
File: figure/unnamed-chunk-7-1.pdf Graphic file (type pdf)
<use figure/unnamed-chunk-7-1.pdf>
Package pdftex.def Info: figure/unnamed-chunk-7-1.pdf  used on input line 220.
(pdftex.def)             Requested size: 455.24411pt x 455.25046pt.

Overfull \hbox (17.62482pt too wide) in paragraph at lines 220--221
[][] 
 []


Overfull \hbox (65.41208pt too wide) in paragraph at lines 228--228
[][]\T1/cmtt/m/it/12 # outlier detection on the dataframe where missing values 
are not taken into account[][] 
 []

<figure/unnamed-chunk-7-2.pdf, id=40, 505.89pt x 505.89pt>
File: figure/unnamed-chunk-7-2.pdf Graphic file (type pdf)
<use figure/unnamed-chunk-7-2.pdf>
Package pdftex.def Info: figure/unnamed-chunk-7-2.pdf  used on input line 233.
(pdftex.def)             Requested size: 455.24411pt x 455.25046pt.

Overfull \hbox (17.62482pt too wide) in paragraph at lines 233--234
[][] 
 []

[5 <./figure/unnamed-chunk-7-1.pdf>]
Overfull \hbox (509.90353pt too wide) in paragraph at lines 235--235
[][]\T1/cmtt/m/n/12 1[][]-[][]length[][](ilrdf.nafree.mcd[][]$[][]best)[][]/[][
]nrow[][](clr.df.nafree)[] []\T1/cmtt/m/it/12 # 22 % of outliers in this approa
ch with robust detection method. 13 % of outliers with the non robust. [][] 
 []

Package color Info: Redefining color shadecolor on input line 248.
<figure/unnamed-chunk-8-1.pdf, id=50, 505.89pt x 505.89pt>
File: figure/unnamed-chunk-8-1.pdf Graphic file (type pdf)
<use figure/unnamed-chunk-8-1.pdf>
Package pdftex.def Info: figure/unnamed-chunk-8-1.pdf  used on input line 254.
(pdftex.def)             Requested size: 455.24411pt x 455.25046pt.

Overfull \hbox (17.62482pt too wide) in paragraph at lines 254--255
[][] 
 []

[6 <./figure/unnamed-chunk-7-2.pdf>]
Overfull \hbox (90.10605pt too wide) in paragraph at lines 256--256
[][]\T1/cmtt/m/n/12 1[][]-[][]length[][](ilrdf2.mcd[][]$[][]best)[][]/[][]nrow[
][](clr.df.nafree2)[] []\T1/cmtt/m/it/12 # 43 % outliers in this approach, agai
n. [][] 
 []

[7 <./figure/unnamed-chunk-8-1.pdf>]
Package color Info: Redefining color shadecolor on input line 281.

Overfull \hbox (32.46179pt too wide) in paragraph at lines 296--296
[]\T1/cmtt/m/n/12 ##                           PC1     PC2     PC3    PC4     P
C5     PC6     PC7[] 
 []


Overfull \hbox (32.46179pt too wide) in paragraph at lines 296--296
[]\T1/cmtt/m/n/12 ## Standard deviation     2.6562 0.97703 0.91318 0.7470 0.568
55 0.34083 0.25171[] 
 []


Overfull \hbox (32.46179pt too wide) in paragraph at lines 296--296
[]\T1/cmtt/m/n/12 ## Proportion of Variance 0.7055 0.09546 0.08339 0.0558 0.032
33 0.01162 0.00634[] 
 []


Overfull \hbox (32.46179pt too wide) in paragraph at lines 296--296
[]\T1/cmtt/m/n/12 ## Cumulative Proportion  0.7055 0.80098 0.88437 0.9402 0.972
49 0.98411 0.99045[] 
 []


Overfull \hbox (26.2883pt too wide) in paragraph at lines 312--312
[]\T1/cmtt/m/n/12 ##                           PC1    PC2    PC3     PC4     PC
5     PC6     PC7[] 
 []


Overfull \hbox (26.2883pt too wide) in paragraph at lines 312--312
[]\T1/cmtt/m/n/12 ## Standard deviation     2.2003 1.4357 1.0267 0.77238 0.7301
5 0.66663 0.51892[] 
 []


Overfull \hbox (26.2883pt too wide) in paragraph at lines 312--312
[]\T1/cmtt/m/n/12 ## Proportion of Variance 0.4841 0.2061 0.1054 0.05966 0.0533
1 0.04444 0.02693[] 
 []


Overfull \hbox (26.2883pt too wide) in paragraph at lines 312--312
[]\T1/cmtt/m/n/12 ## Cumulative Proportion  0.4841 0.6902 0.7957 0.85531 0.9086
3 0.95307 0.97999[] 
 []

Package color Info: Redefining color shadecolor on input line 323.
<figure/unnamed-chunk-10-1.pdf, id=71, 505.89pt x 505.89pt>
File: figure/unnamed-chunk-10-1.pdf Graphic file (type pdf)
<use figure/unnamed-chunk-10-1.pdf>
Package pdftex.def Info: figure/unnamed-chunk-10-1.pdf  used on input line 329.

(pdftex.def)             Requested size: 455.24411pt x 455.25046pt.

Overfull \hbox (17.62482pt too wide) in paragraph at lines 329--330
[][] 
 []

[8]
<figure/unnamed-chunk-10-2.pdf, id=75, 505.89pt x 505.89pt>
File: figure/unnamed-chunk-10-2.pdf Graphic file (type pdf)
<use figure/unnamed-chunk-10-2.pdf>
Package pdftex.def Info: figure/unnamed-chunk-10-2.pdf  used on input line 334.

(pdftex.def)             Requested size: 455.24411pt x 455.25046pt.

Overfull \hbox (17.62482pt too wide) in paragraph at lines 334--335
[][] 
 []

[9 <./figure/unnamed-chunk-10-1.pdf>]
<figure/unnamed-chunk-10-3.pdf, id=84, 505.89pt x 505.89pt>
File: figure/unnamed-chunk-10-3.pdf Graphic file (type pdf)
<use figure/unnamed-chunk-10-3.pdf>
Package pdftex.def Info: figure/unnamed-chunk-10-3.pdf  used on input line 342.

(pdftex.def)             Requested size: 455.24411pt x 455.25046pt.
Package color Info: Redefining color shadecolor on input line 346.

Overfull \hbox (17.62482pt too wide) in paragraph at lines 342--346
[][]
 []

[10 <./figure/unnamed-chunk-10-2.pdf>]
<figure/unnamed-chunk-11-1.pdf, id=93, 505.89pt x 505.89pt>
File: figure/unnamed-chunk-11-1.pdf Graphic file (type pdf)
<use figure/unnamed-chunk-11-1.pdf>
Package pdftex.def Info: figure/unnamed-chunk-11-1.pdf  used on input line 352.

(pdftex.def)             Requested size: 455.24411pt x 455.25046pt.

Overfull \hbox (17.62482pt too wide) in paragraph at lines 352--353
[][] 
 []

[11 <./figure/unnamed-chunk-10-3.pdf>]
<figure/unnamed-chunk-11-2.pdf, id=102, 505.89pt x 505.89pt>
File: figure/unnamed-chunk-11-2.pdf Graphic file (type pdf)
<use figure/unnamed-chunk-11-2.pdf>
Package pdftex.def Info: figure/unnamed-chunk-11-2.pdf  used on input line 357.

(pdftex.def)             Requested size: 455.24411pt x 455.25046pt.

Overfull \hbox (17.62482pt too wide) in paragraph at lines 357--358
[][] 
 []

[12 <./figure/unnamed-chunk-11-1.pdf>]
Package color Info: Redefining color shadecolor on input line 372.

Overfull \hbox (26.2883pt too wide) in paragraph at lines 387--387
[]\T1/cmtt/m/n/12 ##                           Comp.1     Comp.2     Comp.3    
 Comp.4    Comp.5[] 
 []


Overfull \hbox (26.2883pt too wide) in paragraph at lines 387--387
[]\T1/cmtt/m/n/12 ## Standard deviation     0.0730207 0.03302854 0.03242246 0.0
2468697 0.0205167[] 
 []


Overfull \hbox (26.2883pt too wide) in paragraph at lines 387--387
[]\T1/cmtt/m/n/12 ## Proportion of Variance 0.5873237 0.12016122 0.11579171 0.0
6713070 0.0463661[] 
 []


Overfull \hbox (26.2883pt too wide) in paragraph at lines 387--387
[]\T1/cmtt/m/n/12 ## Cumulative Proportion  0.5873237 0.70748494 0.82327665 0.8
9040735 0.9367734[] 
 []

[13 <./figure/unnamed-chunk-11-2.pdf>]
Package color Info: Redefining color shadecolor on input line 392.
<figure/unnamed-chunk-13-1.pdf, id=122, 505.89pt x 505.89pt>
File: figure/unnamed-chunk-13-1.pdf Graphic file (type pdf)
<use figure/unnamed-chunk-13-1.pdf>
Package pdftex.def Info: figure/unnamed-chunk-13-1.pdf  used on input line 399.

(pdftex.def)             Requested size: 455.24411pt x 455.25046pt.
Package color Info: Redefining color shadecolor on input line 403.

Overfull \hbox (17.62482pt too wide) in paragraph at lines 399--403
[][]
 []

[14]
<figure/unnamed-chunk-14-1.pdf, id=126, 505.89pt x 505.89pt>
File: figure/unnamed-chunk-14-1.pdf Graphic file (type pdf)
<use figure/unnamed-chunk-14-1.pdf>
Package pdftex.def Info: figure/unnamed-chunk-14-1.pdf  used on input line 409.

(pdftex.def)             Requested size: 455.24411pt x 455.25046pt.

Overfull \hbox (17.62482pt too wide) in paragraph at lines 409--410
[][] 
 []

[15 <./figure/unnamed-chunk-13-1.pdf>]
<figure/unnamed-chunk-14-2.pdf, id=135, 505.89pt x 505.89pt>
File: figure/unnamed-chunk-14-2.pdf Graphic file (type pdf)
<use figure/unnamed-chunk-14-2.pdf>
Package pdftex.def Info: figure/unnamed-chunk-14-2.pdf  used on input line 414.

(pdftex.def)             Requested size: 455.24411pt x 455.25046pt.

Overfull \hbox (17.62482pt too wide) in paragraph at lines 414--415
[][] 
 []

[16 <./figure/unnamed-chunk-14-1.pdf>]
Overfull \hbox (57.15576pt too wide) in paragraph at lines 417--417
[][]\T1/cmtt/m/n/12 ggplot[][]([][]aes[][]([][]x[][]=PC1,[][]y[][]=PC2),[][]dat
a[][]=Z2.rob.outfree)[][]+[][]theme_bw[][]()[][]+[][]geom_point[][]()[][]+[][]s
tat_ellipse[][]()[][] 
 []

<figure/unnamed-chunk-14-3.pdf, id=145, 505.89pt x 505.89pt>
File: figure/unnamed-chunk-14-3.pdf Graphic file (type pdf)
<use figure/unnamed-chunk-14-3.pdf>
Package pdftex.def Info: figure/unnamed-chunk-14-3.pdf  used on input line 420.

(pdftex.def)             Requested size: 455.24411pt x 455.25046pt.
Package color Info: Redefining color shadecolor on input line 424.

Overfull \hbox (17.62482pt too wide) in paragraph at lines 420--424
[][]
 []

[17 <./figure/unnamed-chunk-14-2.pdf>]
Overfull \hbox (1.59433pt too wide) in paragraph at lines 460--460
[]\T1/cmtt/m/n/12 ## SiO2   "0.09970915" "0.09958957" "0.09966191" "0.09966934"
 "0.09949499"[] 
 []


Overfull \hbox (1.59433pt too wide) in paragraph at lines 460--460
[]\T1/cmtt/m/n/12 ## TiO2   "0.10001794" "0.10005295" "0.10004171" "0.10004637"
 "0.10005855"[] 
 []


Overfull \hbox (1.59433pt too wide) in paragraph at lines 460--460
[]\T1/cmtt/m/n/12 ## Al2O3  "0.10000864" "0.10000209" "0.10001387" "0.10001277"
 "0.10002008"[] 
 []


Overfull \hbox (1.59433pt too wide) in paragraph at lines 460--460
[]\T1/cmtt/m/n/12 ## Fe2O3T "0.10001883" "0.10002242" "0.09999446" "0.10003259"
 "0.10002826"[] 
 []


Overfull \hbox (1.59433pt too wide) in paragraph at lines 460--460
[]\T1/cmtt/m/n/12 ## MnO    "0.10002772" "0.10003430" "0.10004514" "0.10001776"
 "0.10003176"[] 
 []


Overfull \hbox (1.59433pt too wide) in paragraph at lines 460--460
[]\T1/cmtt/m/n/12 ## MgO    "0.10008386" "0.10003285" "0.10002368" "0.10002052"
 "0.10005227"[] 
 []


Overfull \hbox (1.59433pt too wide) in paragraph at lines 460--460
[]\T1/cmtt/m/n/12 ## CaO    "0.10003280" "0.10009855" "0.10004622" "0.10004775"
 "0.10006905"[] 
 []


Overfull \hbox (1.59433pt too wide) in paragraph at lines 460--460
[]\T1/cmtt/m/n/12 ## Na2O   "0.10002366" "0.10004625" "0.10009211" "0.10002929"
 "0.10004714"[] 
 []


Overfull \hbox (1.59433pt too wide) in paragraph at lines 460--460
[]\T1/cmtt/m/n/12 ## K2O    "0.10002050" "0.10004779" "0.10002930" "0.10005981"
 "0.10005929"[] 
 []


Overfull \hbox (1.59433pt too wide) in paragraph at lines 460--460
[]\T1/cmtt/m/n/12 ## P2O5   "0.10005218" "0.10006900" "0.10004706" "0.10005921"
 "0.10013487"[] 
 []

[18 <./figure/unnamed-chunk-14-3.pdf>]
Package color Info: Redefining color shadecolor on input line 465.

Overfull \hbox (81.84973pt too wide) in paragraph at lines 468--468
[][]\T1/cmtt/m/n/12 od[] []<-[] []outCoDa[][](df.majors,[] []quantile[] []=[] [
]0.975[][],[] []method[] []=[] []"robust"[][],[] []alpha[] []=[] []0.9[][],[] [
]coda[] []=[] []TRUE[][])[][] 
 []

Package color Info: Redefining color shadecolor on input line 476.

Overfull \hbox (69.50275pt too wide) in paragraph at lines 516--516
[][]\T1/cmtt/m/n/12 df.plot[][]$[][]group[] []<-[] []ifelse[][](df.plot[][]$[][
]element[] []%in%[] []c[][]([][]"SiO2"[][],[][]"Al2O3"[][]),[][]yes[] []=[] []"
large"[][],[][]"small"[][])[][] 
 []


Overfull \hbox (532.51468pt too wide) in paragraph at lines 517--517
[][]\T1/cmtt/m/n/12 ggplot[][]([][]aes[][]([][]x[][]=element,[][]y[][]=value),[
][]data[] []= df.plot)[][]+[][]geom_col[][]([][]aes[][]([][]fill[][]=name),[][]
position[] []=[] []"dodge"[][])[][]+[][]theme_bw[][]()[][]+[][]facet_grid[][](g
roup[][]~[][].,[][]scales[] []=[] []"free"[][])[][]+[][]scale_color_viridis_d[]
[]()[][] 
 []

[19]
<figure/unnamed-chunk-17-1.pdf, id=168, 505.89pt x 505.89pt>
File: figure/unnamed-chunk-17-1.pdf Graphic file (type pdf)
<use figure/unnamed-chunk-17-1.pdf>
Package pdftex.def Info: figure/unnamed-chunk-17-1.pdf  used on input line 520.

(pdftex.def)             Requested size: 455.24411pt x 455.25046pt.

Overfull \hbox (17.62482pt too wide) in paragraph at lines 520--523
[][]
 []

[20] [21 <./figure/unnamed-chunk-17-1.pdf>] (./EstimationV2.aux) ) 
Here is how much of TeX's memory you used:
 6876 strings out of 483065
 143981 string characters out of 5963549
 392323 words of memory out of 5000000
 21786 multiletter control sequences out of 15000+600000
 550529 words of font info for 82 fonts, out of 8000000 for 9000
 81 hyphenation exceptions out of 8191
 38i,12n,40p,503b,382s stack positions out of 5000i,500n,10000p,200000b,80000s
 </home/max/.
texlive2019/texmf-var/fonts/pk/ljfour/jknappen/ec/ecti1200.600pk> </home/max/.t
exlive2019/texmf-var/fonts/pk/ljfour/jknappen/ec/ecbx1728.600pk> </home/max/.te
xlive2019/texmf-var/fonts/pk/ljfour/jknappen/ec/ecit1200.600pk> </home/max/.tex
live2019/texmf-var/fonts/pk/ljfour/jknappen/ec/ectt1200.600pk> </home/max/.texl
ive2019/texmf-var/fonts/pk/ljfour/jknappen/ec/ecrm1200.600pk> </home/max/.texli
ve2019/texmf-var/fonts/pk/ljfour/jknappen/ec/ecrm1440.600pk> </home/max/.texliv
e2019/texmf-var/fonts/pk/ljfour/jknappen/ec/ecrm2074.600pk></usr/share/texlive/
texmf-dist/fonts/type1/public/amsfonts/cm/cmbx12.pfb></usr/share/texlive/texmf-
dist/fonts/type1/public/amsfonts/cm/cmex10.pfb></usr/share/texlive/texmf-dist/f
onts/type1/public/amsfonts/cm/cmmi12.pfb></usr/share/texlive/texmf-dist/fonts/t
ype1/public/amsfonts/cm/cmmi8.pfb></usr/share/texlive/texmf-dist/fonts/type1/pu
blic/amsfonts/cm/cmr12.pfb></usr/share/texlive/texmf-dist/fonts/type1/public/am
sfonts/cm/cmr8.pfb></usr/share/texlive/texmf-dist/fonts/type1/public/amsfonts/c
m/cmsy10.pfb></usr/share/texlive/texmf-dist/fonts/type1/public/amsfonts/cm/cmsy
8.pfb></usr/share/texlive/texmf-dist/fonts/type1/public/amsfonts/symbols/msbm10
.pfb>
Output written on EstimationV2.pdf (22 pages, 330040 bytes).
PDF statistics:
 479 PDF objects out of 1000 (max. 8388607)
 169 compressed objects within 2 object streams
 0 named destinations out of 1000 (max. 500000)
 71 words of extra memory for PDF output out of 10000 (max. 10000000)

